# JRE version: OpenJDK Runtime Environment (11.0.13) (build 11.0.13+0-b1751.21-8125866)
# Java VM: OpenJDK 64-Bit Server VM (11.0.13+0-b1751.21-8125866, mixed mode, tiered, compressed oops, g1 gc, windows-amd64)
Heap:
 garbage-first heap   total 331776K, used 150407K [0x0000000080000000, 0x0000000100000000)
  region size 1024K, 2 young (2048K), 2 survivors (2048K)
 Metaspace       used 116992K, capacity 119903K, committed 120100K, reserved 1153024K
  class space    used 14683K, capacity 15849K, committed 15872K, reserved 1048576K
GC Heap History (20 events):
Event: 47.168 GC heap after
{Heap after GC invocations=35 (full 0):
 garbage-first heap   total 227328K, used 111849K [0x0000000080000000, 0x0000000100000000)
  region size 1024K, 9 young (9216K), 9 survivors (9216K)
 Metaspace       used 102465K, capacity 104690K, committed 104740K, reserved 1140736K
  class space    used 12709K, capacity 13561K, committed 13568K, reserved 1048576K
}
Event: 48.185 GC heap before
{Heap before GC invocations=35 (full 0):
 garbage-first heap   total 227328K, used 172265K [0x0000000080000000, 0x0000000100000000)
  region size 1024K, 68 young (69632K), 9 survivors (9216K)
 Metaspace       used 102894K, capacity 105151K, committed 105380K, reserved 1140736K
  class space    used 12765K, capacity 13649K, committed 13696K, reserved 1048576K
}
Event: 48.244 GC heap after
{Heap after GC invocations=36 (full 0):
 garbage-first heap   total 227328K, used 116485K [0x0000000080000000, 0x0000000100000000)
  region size 1024K, 5 young (5120K), 5 survivors (5120K)
 Metaspace       used 102894K, capacity 105151K, committed 105380K, reserved 1140736K
  class space    used 12765K, capacity 13649K, committed 13696K, reserved 1048576K
}
Event: 50.120 GC heap before
{Heap before GC invocations=37 (full 0):
 garbage-first heap   total 227328K, used 172805K [0x0000000080000000, 0x0000000100000000)
  region size 1024K, 64 young (65536K), 5 survivors (5120K)
 Metaspace       used 103411K, capacity 105686K, committed 106020K, reserved 1142784K
  class space    used 12816K, capacity 13711K, committed 13824K, reserved 1048576K
}
Event: 50.133 GC heap after
{Heap after GC invocations=38 (full 0):
 garbage-first heap   total 273408K, used 109568K [0x0000000080000000, 0x0000000100000000)
  region size 1024K, 3 young (3072K), 3 survivors (3072K)
 Metaspace       used 103411K, capacity 105686K, committed 106020K, reserved 1142784K
  class space    used 12816K, capacity 13711K, committed 13824K, reserved 1048576K
}
Event: 50.239 GC heap before
{Heap before GC invocations=38 (full 0):
 garbage-first heap   total 273408K, used 119808K [0x0000000080000000, 0x0000000100000000)
  region size 1024K, 13 young (13312K), 3 survivors (3072K)
 Metaspace       used 103411K, capacity 105686K, committed 106020K, reserved 1142784K
  class space    used 12816K, capacity 13711K, committed 13824K, reserved 1048576K
}
Event: 50.246 GC heap after
{Heap after GC invocations=39 (full 0):
 garbage-first heap   total 273408K, used 101603K [0x0000000080000000, 0x0000000100000000)
  region size 1024K, 1 young (1024K), 1 survivors (1024K)
 Metaspace       used 103411K, capacity 105686K, committed 106020K, reserved 1142784K
  class space    used 12816K, capacity 13711K, committed 13824K, reserved 1048576K
}
Event: 51.248 GC heap before
{Heap before GC invocations=39 (full 0):
 garbage-first heap   total 273408K, used 190691K [0x0000000080000000, 0x0000000100000000)
  region size 1024K, 88 young (90112K), 1 survivors (1024K)
 Metaspace       used 103411K, capacity 105686K, committed 106020K, reserved 1142784K
  class space    used 12816K, capacity 13711K, committed 13824K, reserved 1048576K
}
Event: 51.252 GC heap after
{Heap after GC invocations=40 (full 0):
 garbage-first heap   total 273408K, used 102635K [0x0000000080000000, 0x0000000100000000)
  region size 1024K, 2 young (2048K), 2 survivors (2048K)
 Metaspace       used 103411K, capacity 105686K, committed 106020K, reserved 1142784K
  class space    used 12816K, capacity 13711K, committed 13824K, reserved 1048576K
}
Event: 52.843 GC heap before
{Heap before GC invocations=40 (full 0):
 garbage-first heap   total 273408K, used 197867K [0x0000000080000000, 0x0000000100000000)
  region size 1024K, 94 young (96256K), 2 survivors (2048K)
 Metaspace       used 104577K, capacity 106931K, committed 107172K, reserved 1142784K
  class space    used 12973K, capacity 13890K, committed 13952K, reserved 1048576K
}
Event: 52.856 GC heap after
{Heap after GC invocations=41 (full 0):
 garbage-first heap   total 273408K, used 108785K [0x0000000080000000, 0x0000000100000000)
  region size 1024K, 8 young (8192K), 8 survivors (8192K)
 Metaspace       used 104577K, capacity 106931K, committed 107172K, reserved 1142784K
  class space    used 12973K, capacity 13890K, committed 13952K, reserved 1048576K
}
Event: 55.167 GC heap before
{Heap before GC invocations=41 (full 0):
 garbage-first heap   total 273408K, used 201969K [0x0000000080000000, 0x0000000100000000)
  region size 1024K, 100 young (102400K), 8 survivors (8192K)
 Metaspace       used 109876K, capacity 112364K, committed 112548K, reserved 1146880K
  class space    used 13635K, capacity 14595K, committed 14720K, reserved 1048576K
}
Event: 55.202 GC heap after
{Heap after GC invocations=42 (full 0):
 garbage-first heap   total 273408K, used 126146K [0x0000000080000000, 0x0000000100000000)
  region size 1024K, 13 young (13312K), 13 survivors (13312K)
 Metaspace       used 109876K, capacity 112364K, committed 112548K, reserved 1146880K
  class space    used 13635K, capacity 14595K, committed 14720K, reserved 1048576K
}
Event: 57.528 GC heap before
{Heap before GC invocations=42 (full 0):
 garbage-first heap   total 273408K, used 209090K [0x0000000080000000, 0x0000000100000000)
  region size 1024K, 94 young (96256K), 13 survivors (13312K)
 Metaspace       used 111665K, capacity 114266K, committed 114468K, reserved 1148928K
  class space    used 13949K, capacity 14993K, committed 15104K, reserved 1048576K
}
Event: 57.615 GC heap after
{Heap after GC invocations=43 (full 0):
 garbage-first heap   total 273408K, used 136490K [0x0000000080000000, 0x0000000100000000)
  region size 1024K, 12 young (12288K), 12 survivors (12288K)
 Metaspace       used 111665K, capacity 114266K, committed 114468K, reserved 1148928K
  class space    used 13949K, capacity 14993K, committed 15104K, reserved 1048576K
}
Event: 64.885 GC heap before
{Heap before GC invocations=43 (full 0):
 garbage-first heap   total 273408K, used 212266K [0x0000000080000000, 0x0000000100000000)
  region size 1024K, 86 young (88064K), 12 survivors (12288K)
 Metaspace       used 113977K, capacity 116768K, committed 116900K, reserved 1150976K
  class space    used 14314K, capacity 15418K, committed 15488K, reserved 1048576K
}
Event: 64.988 GC heap after
{Heap after GC invocations=44 (full 0):
 garbage-first heap   total 273408K, used 149984K [0x0000000080000000, 0x0000000100000000)
  region size 1024K, 11 young (11264K), 11 survivors (11264K)
 Metaspace       used 113977K, capacity 116768K, committed 116900K, reserved 1150976K
  class space    used 14314K, capacity 15418K, committed 15488K, reserved 1048576K
}
Event: 67.074 GC heap before
{Heap before GC invocations=45 (full 0):
 garbage-first heap   total 273408K, used 215520K [0x0000000080000000, 0x0000000100000000)
  region size 1024K, 77 young (78848K), 11 survivors (11264K)
 Metaspace       used 116674K, capacity 119573K, committed 119844K, reserved 1153024K
  class space    used 14633K, capacity 15782K, committed 15872K, reserved 1048576K
}
Event: 67.118 GC heap after
{Heap after GC invocations=46 (full 0):
 garbage-first heap   total 273408K, used 157184K [0x0000000080000000, 0x0000000100000000)
  region size 1024K, 8 young (8192K), 8 survivors (8192K)
 Metaspace       used 116674K, capacity 119573K, committed 119844K, reserved 1153024K
  class space    used 14633K, capacity 15782K, committed 15872K, reserved 1048576K
}
Event: 67.380 GC heap before
{Heap before GC invocations=46 (full 0):
 garbage-first heap   total 273408K, used 161280K [0x0000000080000000, 0x0000000100000000)
  region size 1024K, 13 young (13312K), 8 survivors (8192K)
 Metaspace       used 116992K, capacity 119903K, committed 120100K, reserved 1153024K
  class space    used 14683K, capacity 15849K, committed 15872K, reserved 1048576K
}

