# JRE version: OpenJDK Runtime Environment (11.0.13) (build 11.0.13+0-b1751.21-8125866)
# Java VM: OpenJDK 64-Bit Server VM (11.0.13+0-b1751.21-8125866, mixed mode, tiered, compressed oops, g1 gc, windows-amd64)
Heap:
 garbage-first heap   total 475136K, used 194528K [0x0000000080000000, 0x0000000100000000)
  region size 1024K, 2 young (2048K), 2 survivors (2048K)
 Metaspace       used 110600K, capacity 113062K, committed 113360K, reserved 1148928K
  class space    used 13878K, capacity 14803K, committed 14848K, reserved 1048576K
GC Heap History (20 events):
Event: 217.369 GC heap after
{Heap after GC invocations=36 (full 0):
 garbage-first heap   total 189440K, used 96539K [0x0000000080000000, 0x0000000100000000)
  region size 1024K, 2 young (2048K), 2 survivors (2048K)
 Metaspace       used 103915K, capacity 106252K, committed 106448K, reserved 1142784K
  class space    used 12835K, capacity 13725K, committed 13824K, reserved 1048576K
}
Event: 218.190 GC heap before
{Heap before GC invocations=37 (full 0):
 garbage-first heap   total 189440K, used 154907K [0x0000000080000000, 0x0000000100000000)
  region size 1024K, 49 young (50176K), 2 survivors (2048K)
 Metaspace       used 105754K, capacity 108112K, committed 108240K, reserved 1142784K
  class space    used 13089K, capacity 13992K, committed 14080K, reserved 1048576K
}
Event: 218.203 GC heap after
{Heap after GC invocations=38 (full 0):
 garbage-first heap   total 189440K, used 114688K [0x0000000080000000, 0x0000000100000000)
  region size 1024K, 7 young (7168K), 7 survivors (7168K)
 Metaspace       used 105754K, capacity 108112K, committed 108240K, reserved 1142784K
  class space    used 13089K, capacity 13992K, committed 14080K, reserved 1048576K
}
Event: 218.222 GC heap before
{Heap before GC invocations=38 (full 0):
 garbage-first heap   total 189440K, used 116736K [0x0000000080000000, 0x0000000100000000)
  region size 1024K, 9 young (9216K), 7 survivors (7168K)
 Metaspace       used 105792K, capacity 108130K, committed 108240K, reserved 1142784K
  class space    used 13095K, capacity 13995K, committed 14080K, reserved 1048576K
}
Event: 218.232 GC heap after
{Heap after GC invocations=39 (full 0):
 garbage-first heap   total 189440K, used 114368K [0x0000000080000000, 0x0000000100000000)
  region size 1024K, 1 young (1024K), 1 survivors (1024K)
 Metaspace       used 105792K, capacity 108130K, committed 108240K, reserved 1142784K
  class space    used 13095K, capacity 13995K, committed 14080K, reserved 1048576K
}
Event: 218.569 GC heap before
{Heap before GC invocations=39 (full 0):
 garbage-first heap   total 189440K, used 151232K [0x0000000080000000, 0x0000000100000000)
  region size 1024K, 37 young (37888K), 1 survivors (1024K)
 Metaspace       used 107293K, capacity 109639K, committed 109904K, reserved 1144832K
  class space    used 13283K, capacity 14178K, committed 14208K, reserved 1048576K
}
Event: 218.576 GC heap after
{Heap after GC invocations=40 (full 0):
 garbage-first heap   total 189440K, used 114468K [0x0000000080000000, 0x0000000100000000)
  region size 1024K, 1 young (1024K), 1 survivors (1024K)
 Metaspace       used 107293K, capacity 109639K, committed 109904K, reserved 1144832K
  class space    used 13283K, capacity 14178K, committed 14208K, reserved 1048576K
}
Event: 219.347 GC heap before
{Heap before GC invocations=41 (full 0):
 garbage-first heap   total 189440K, used 181028K [0x0000000080000000, 0x0000000100000000)
  region size 1024K, 39 young (39936K), 1 survivors (1024K)
 Metaspace       used 107985K, capacity 110421K, committed 110544K, reserved 1144832K
  class space    used 13388K, capacity 14294K, committed 14336K, reserved 1048576K
}
Event: 219.377 GC heap after
{Heap after GC invocations=42 (full 0):
 garbage-first heap   total 197632K, used 139455K [0x0000000080000000, 0x0000000100000000)
  region size 1024K, 5 young (5120K), 5 survivors (5120K)
 Metaspace       used 107985K, capacity 110421K, committed 110544K, reserved 1144832K
  class space    used 13388K, capacity 14294K, committed 14336K, reserved 1048576K
}
Event: 219.421 GC heap before
{Heap before GC invocations=42 (full 0):
 garbage-first heap   total 197632K, used 143551K [0x0000000080000000, 0x0000000100000000)
  region size 1024K, 9 young (9216K), 5 survivors (5120K)
 Metaspace       used 107985K, capacity 110421K, committed 110544K, reserved 1144832K
  class space    used 13388K, capacity 14294K, committed 14336K, reserved 1048576K
}
Event: 219.446 GC heap after
{Heap after GC invocations=43 (full 0):
 garbage-first heap   total 197632K, used 140831K [0x0000000080000000, 0x0000000100000000)
  region size 1024K, 2 young (2048K), 2 survivors (2048K)
 Metaspace       used 107985K, capacity 110421K, committed 110544K, reserved 1144832K
  class space    used 13388K, capacity 14294K, committed 14336K, reserved 1048576K
}
Event: 219.704 GC heap before
{Heap before GC invocations=43 (full 0):
 garbage-first heap   total 197632K, used 165407K [0x0000000080000000, 0x0000000100000000)
  region size 1024K, 23 young (23552K), 2 survivors (2048K)
 Metaspace       used 108098K, capacity 110492K, committed 110544K, reserved 1144832K
  class space    used 13409K, capacity 14310K, committed 14336K, reserved 1048576K
}
Event: 219.731 GC heap after
{Heap after GC invocations=44 (full 0):
 garbage-first heap   total 237568K, used 150162K [0x0000000080000000, 0x0000000100000000)
  region size 1024K, 3 young (3072K), 3 survivors (3072K)
 Metaspace       used 108098K, capacity 110492K, committed 110544K, reserved 1144832K
  class space    used 13409K, capacity 14310K, committed 14336K, reserved 1048576K
}
Event: 220.682 GC heap before
{Heap before GC invocations=44 (full 0):
 garbage-first heap   total 237568K, used 187026K [0x0000000080000000, 0x0000000100000000)
  region size 1024K, 39 young (39936K), 3 survivors (3072K)
 Metaspace       used 110540K, capacity 112991K, committed 113104K, reserved 1146880K
  class space    used 13877K, capacity 14802K, committed 14848K, reserved 1048576K
}
Event: 220.813 GC heap after
{Heap after GC invocations=45 (full 0):
 garbage-first heap   total 237568K, used 165642K [0x0000000080000000, 0x0000000100000000)
  region size 1024K, 5 young (5120K), 5 survivors (5120K)
 Metaspace       used 110540K, capacity 112991K, committed 113104K, reserved 1146880K
  class space    used 13877K, capacity 14802K, committed 14848K, reserved 1048576K
}
Event: 221.469 GC heap before
{Heap before GC invocations=45 (full 0):
 garbage-first heap   total 237568K, used 190218K [0x0000000080000000, 0x0000000100000000)
  region size 1024K, 29 young (29696K), 5 survivors (5120K)
 Metaspace       used 110577K, capacity 113061K, committed 113360K, reserved 1148928K
  class space    used 13878K, capacity 14803K, committed 14848K, reserved 1048576K
}
Event: 221.523 GC heap after
{Heap after GC invocations=46 (full 0):
 garbage-first heap   total 237568K, used 178688K [0x0000000080000000, 0x0000000100000000)
  region size 1024K, 4 young (4096K), 4 survivors (4096K)
 Metaspace       used 110577K, capacity 113061K, committed 113360K, reserved 1148928K
  class space    used 13878K, capacity 14803K, committed 14848K, reserved 1048576K
}
Event: 221.920 GC heap before
{Heap before GC invocations=46 (full 0):
 garbage-first heap   total 237568K, used 194048K [0x0000000080000000, 0x0000000100000000)
  region size 1024K, 20 young (20480K), 4 survivors (4096K)
 Metaspace       used 110600K, capacity 113062K, committed 113360K, reserved 1148928K
  class space    used 13878K, capacity 14803K, committed 14848K, reserved 1048576K
}
Event: 221.944 GC heap after
{Heap after GC invocations=47 (full 0):
 garbage-first heap   total 237568K, used 187904K [0x0000000080000000, 0x0000000100000000)
  region size 1024K, 3 young (3072K), 3 survivors (3072K)
 Metaspace       used 110600K, capacity 113062K, committed 113360K, reserved 1148928K
  class space    used 13878K, capacity 14803K, committed 14848K, reserved 1048576K
}
Event: 222.025 GC heap before
{Heap before GC invocations=47 (full 0):
 garbage-first heap   total 237568K, used 199168K [0x0000000080000000, 0x0000000100000000)
  region size 1024K, 14 young (14336K), 3 survivors (3072K)
 Metaspace       used 110600K, capacity 113062K, committed 113360K, reserved 1148928K
  class space    used 13878K, capacity 14803K, committed 14848K, reserved 1048576K
}

