# JRE version: OpenJDK Runtime Environment (11.0.13) (build 11.0.13+0-b1751.21-8125866)
# Java VM: OpenJDK 64-Bit Server VM (11.0.13+0-b1751.21-8125866, mixed mode, tiered, compressed oops, g1 gc, windows-amd64)
Heap:
 garbage-first heap   total 759808K, used 172848K [0x0000000080000000, 0x0000000100000000)
  region size 1024K, 11 young (11264K), 11 survivors (11264K)
 Metaspace       used 135761K, capacity 139402K, committed 139764K, reserved 1171456K
  class space    used 16522K, capacity 17925K, committed 18048K, reserved 1048576K
GC Heap History (20 events):
Event: 3785.068 GC heap after
{Heap after GC invocations=85 (full 0):
 garbage-first heap   total 391168K, used 113348K [0x0000000080000000, 0x0000000100000000)
  region size 1024K, 3 young (3072K), 3 survivors (3072K)
 Metaspace       used 133724K, capacity 137230K, committed 137460K, reserved 1169408K
  class space    used 16343K, capacity 17699K, committed 17792K, reserved 1048576K
}
Event: 3785.791 GC heap before
{Heap before GC invocations=85 (full 0):
 garbage-first heap   total 391168K, used 168644K [0x0000000080000000, 0x0000000100000000)
  region size 1024K, 58 young (59392K), 3 survivors (3072K)
 Metaspace       used 134434K, capacity 137995K, committed 138228K, reserved 1169408K
  class space    used 16419K, capacity 17775K, committed 17792K, reserved 1048576K
}
Event: 3785.895 GC heap after
{Heap after GC invocations=86 (full 0):
 garbage-first heap   total 391168K, used 121101K [0x0000000080000000, 0x0000000100000000)
  region size 1024K, 8 young (8192K), 8 survivors (8192K)
 Metaspace       used 134434K, capacity 137995K, committed 138228K, reserved 1169408K
  class space    used 16419K, capacity 17775K, committed 17792K, reserved 1048576K
}
Event: 3787.349 GC heap before
{Heap before GC invocations=87 (full 0):
 garbage-first heap   total 391168K, used 175373K [0x0000000080000000, 0x0000000100000000)
  region size 1024K, 62 young (63488K), 8 survivors (8192K)
 Metaspace       used 134751K, capacity 138321K, committed 138612K, reserved 1169408K
  class space    used 16446K, capacity 17815K, committed 17920K, reserved 1048576K
}
Event: 3787.387 GC heap after
{Heap after GC invocations=88 (full 0):
 garbage-first heap   total 391168K, used 126908K [0x0000000080000000, 0x0000000100000000)
  region size 1024K, 8 young (8192K), 8 survivors (8192K)
 Metaspace       used 134751K, capacity 138321K, committed 138612K, reserved 1169408K
  class space    used 16446K, capacity 17815K, committed 17920K, reserved 1048576K
}
Event: 3787.600 GC heap before
{Heap before GC invocations=88 (full 0):
 garbage-first heap   total 391168K, used 138172K [0x0000000080000000, 0x0000000100000000)
  region size 1024K, 19 young (19456K), 8 survivors (8192K)
 Metaspace       used 134792K, capacity 138330K, committed 138612K, reserved 1169408K
  class space    used 16447K, capacity 17817K, committed 17920K, reserved 1048576K
}
Event: 3787.621 GC heap after
{Heap after GC invocations=89 (full 0):
 garbage-first heap   total 391168K, used 126182K [0x0000000080000000, 0x0000000100000000)
  region size 1024K, 2 young (2048K), 2 survivors (2048K)
 Metaspace       used 134792K, capacity 138330K, committed 138612K, reserved 1169408K
  class space    used 16447K, capacity 17817K, committed 17920K, reserved 1048576K
}
Event: 3789.018 GC heap before
{Heap before GC invocations=89 (full 0):
 garbage-first heap   total 391168K, used 181478K [0x0000000080000000, 0x0000000100000000)
  region size 1024K, 57 young (58368K), 2 survivors (2048K)
 Metaspace       used 135063K, capacity 138618K, committed 138868K, reserved 1171456K
  class space    used 16451K, capacity 17823K, committed 17920K, reserved 1048576K
}
Event: 3789.047 GC heap after
{Heap after GC invocations=90 (full 0):
 garbage-first heap   total 391168K, used 132611K [0x0000000080000000, 0x0000000100000000)
  region size 1024K, 9 young (9216K), 9 survivors (9216K)
 Metaspace       used 135063K, capacity 138618K, committed 138868K, reserved 1171456K
  class space    used 16451K, capacity 17823K, committed 17920K, reserved 1048576K
}
Event: 3790.921 GC heap before
{Heap before GC invocations=91 (full 0):
 garbage-first heap   total 391168K, used 214531K [0x0000000080000000, 0x0000000100000000)
  region size 1024K, 88 young (90112K), 9 survivors (9216K)
 Metaspace       used 135277K, capacity 138870K, committed 139124K, reserved 1171456K
  class space    used 16471K, capacity 17838K, committed 17920K, reserved 1048576K
}
Event: 3791.075 GC heap after
{Heap after GC invocations=92 (full 0):
 garbage-first heap   total 391168K, used 144272K [0x0000000080000000, 0x0000000100000000)
  region size 1024K, 11 young (11264K), 11 survivors (11264K)
 Metaspace       used 135277K, capacity 138870K, committed 139124K, reserved 1171456K
  class space    used 16471K, capacity 17838K, committed 17920K, reserved 1048576K
}
Event: 3791.130 GC heap before
{Heap before GC invocations=92 (full 0):
 garbage-first heap   total 391168K, used 151440K [0x0000000080000000, 0x0000000100000000)
  region size 1024K, 19 young (19456K), 11 survivors (11264K)
 Metaspace       used 135302K, capacity 138871K, committed 139124K, reserved 1171456K
  class space    used 16471K, capacity 17838K, committed 17920K, reserved 1048576K
}
Event: 3791.352 GC heap after
{Heap after GC invocations=93 (full 0):
 garbage-first heap   total 538624K, used 142309K [0x0000000080000000, 0x0000000100000000)
  region size 1024K, 2 young (2048K), 2 survivors (2048K)
 Metaspace       used 135302K, capacity 138871K, committed 139124K, reserved 1171456K
  class space    used 16471K, capacity 17838K, committed 17920K, reserved 1048576K
}
Event: 3793.165 GC heap before
{Heap before GC invocations=93 (full 0):
 garbage-first heap   total 538624K, used 205797K [0x0000000080000000, 0x0000000100000000)
  region size 1024K, 65 young (66560K), 2 survivors (2048K)
 Metaspace       used 135371K, capacity 138955K, committed 139124K, reserved 1171456K
  class space    used 16476K, capacity 17843K, committed 17920K, reserved 1048576K
}
Event: 3793.218 GC heap after
{Heap after GC invocations=94 (full 0):
 garbage-first heap   total 538624K, used 152576K [0x0000000080000000, 0x0000000100000000)
  region size 1024K, 9 young (9216K), 9 survivors (9216K)
 Metaspace       used 135371K, capacity 138955K, committed 139124K, reserved 1171456K
  class space    used 16476K, capacity 17843K, committed 17920K, reserved 1048576K
}
Event: 3795.198 GC heap before
{Heap before GC invocations=95 (full 0):
 garbage-first heap   total 538624K, used 211968K [0x0000000080000000, 0x0000000100000000)
  region size 1024K, 68 young (69632K), 9 survivors (9216K)
 Metaspace       used 135438K, capacity 139025K, committed 139124K, reserved 1171456K
  class space    used 16476K, capacity 17843K, committed 17920K, reserved 1048576K
}
Event: 3795.312 GC heap after
{Heap after GC invocations=96 (full 0):
 garbage-first heap   total 538624K, used 159744K [0x0000000080000000, 0x0000000100000000)
  region size 1024K, 9 young (9216K), 9 survivors (9216K)
 Metaspace       used 135438K, capacity 139025K, committed 139124K, reserved 1171456K
  class space    used 16476K, capacity 17843K, committed 17920K, reserved 1048576K
}
Event: 3795.569 GC heap before
{Heap before GC invocations=96 (full 0):
 garbage-first heap   total 538624K, used 177152K [0x0000000080000000, 0x0000000100000000)
  region size 1024K, 26 young (26624K), 9 survivors (9216K)
 Metaspace       used 135563K, capacity 139132K, committed 139380K, reserved 1171456K
  class space    used 16491K, capacity 17858K, committed 17920K, reserved 1048576K
}
Event: 3795.622 GC heap after
{Heap after GC invocations=97 (full 0):
 garbage-first heap   total 538624K, used 163131K [0x0000000080000000, 0x0000000100000000)
  region size 1024K, 4 young (4096K), 4 survivors (4096K)
 Metaspace       used 135563K, capacity 139132K, committed 139380K, reserved 1171456K
  class space    used 16491K, capacity 17858K, committed 17920K, reserved 1048576K
}
Event: 3796.914 GC heap before
{Heap before GC invocations=97 (full 0):
 garbage-first heap   total 538624K, used 244027K [0x0000000080000000, 0x0000000100000000)
  region size 1024K, 83 young (84992K), 4 survivors (4096K)
 Metaspace       used 135761K, capacity 139402K, committed 139764K, reserved 1171456K
  class space    used 16522K, capacity 17925K, committed 18048K, reserved 1048576K
}

