# JRE version: OpenJDK Runtime Environment (11.0.13) (build 11.0.13+0-b1751.21-8125866)
# Java VM: OpenJDK 64-Bit Server VM (11.0.13+0-b1751.21-8125866, mixed mode, tiered, compressed oops, g1 gc, windows-amd64)
Heap:
 garbage-first heap   total 195584K, used 86903K [0x0000000080000000, 0x0000000100000000)
  region size 1024K, 1 young (1024K), 1 survivors (1024K)
 Metaspace       used 92845K, capacity 94964K, committed 95272K, reserved 1132544K
  class space    used 11606K, capacity 12381K, committed 12492K, reserved 1048576K
GC Heap History (20 events):
Event: 66.321 GC heap after
{Heap after GC invocations=35 (full 0):
 garbage-first heap   total 135168K, used 104811K [0x0000000080000000, 0x0000000100000000)
  region size 1024K, 2 young (2048K), 2 survivors (2048K)
 Metaspace       used 87059K, capacity 89082K, committed 89384K, reserved 1126400K
  class space    used 11137K, capacity 11890K, committed 11980K, reserved 1048576K
}
Event: 66.429 GC heap before
{Heap before GC invocations=35 (full 0):
 garbage-first heap   total 135168K, used 111979K [0x0000000080000000, 0x0000000100000000)
  region size 1024K, 10 young (10240K), 2 survivors (2048K)
 Metaspace       used 87199K, capacity 89245K, committed 89384K, reserved 1126400K
  class space    used 11148K, capacity 11923K, committed 11980K, reserved 1048576K
}
Event: 66.434 GC heap after
{Heap after GC invocations=36 (full 0):
 garbage-first heap   total 135168K, used 106617K [0x0000000080000000, 0x0000000100000000)
  region size 1024K, 2 young (2048K), 2 survivors (2048K)
 Metaspace       used 87199K, capacity 89245K, committed 89384K, reserved 1126400K
  class space    used 11148K, capacity 11923K, committed 11980K, reserved 1048576K
}
Event: 66.761 GC heap before
{Heap before GC invocations=36 (full 0):
 garbage-first heap   total 135168K, used 113785K [0x0000000080000000, 0x0000000100000000)
  region size 1024K, 9 young (9216K), 2 survivors (2048K)
 Metaspace       used 88045K, capacity 90115K, committed 90536K, reserved 1128448K
  class space    used 11216K, capacity 11991K, committed 12108K, reserved 1048576K
}
Event: 66.769 GC heap after
{Heap after GC invocations=37 (full 0):
 garbage-first heap   total 135168K, used 107671K [0x0000000080000000, 0x0000000100000000)
  region size 1024K, 2 young (2048K), 2 survivors (2048K)
 Metaspace       used 88045K, capacity 90115K, committed 90536K, reserved 1128448K
  class space    used 11216K, capacity 11991K, committed 12108K, reserved 1048576K
}
Event: 67.215 GC heap before
{Heap before GC invocations=38 (full 0):
 garbage-first heap   total 135168K, used 111767K [0x0000000080000000, 0x0000000100000000)
  region size 1024K, 9 young (9216K), 2 survivors (2048K)
 Metaspace       used 89198K, capacity 91300K, committed 91688K, reserved 1128448K
  class space    used 11302K, capacity 12087K, committed 12236K, reserved 1048576K
}
Event: 67.222 GC heap after
{Heap after GC invocations=39 (full 0):
 garbage-first heap   total 135168K, used 106724K [0x0000000080000000, 0x0000000100000000)
  region size 1024K, 1 young (1024K), 1 survivors (1024K)
 Metaspace       used 89198K, capacity 91300K, committed 91688K, reserved 1128448K
  class space    used 11302K, capacity 12087K, committed 12236K, reserved 1048576K
}
Event: 67.392 GC heap before
{Heap before GC invocations=39 (full 0):
 garbage-first heap   total 135168K, used 110820K [0x0000000080000000, 0x0000000100000000)
  region size 1024K, 6 young (6144K), 1 survivors (1024K)
 Metaspace       used 90025K, capacity 92068K, committed 92456K, reserved 1130496K
  class space    used 11376K, capacity 12151K, committed 12236K, reserved 1048576K
}
Event: 67.400 GC heap after
{Heap after GC invocations=40 (full 0):
 garbage-first heap   total 162816K, used 106316K [0x0000000080000000, 0x0000000100000000)
  region size 1024K, 1 young (1024K), 1 survivors (1024K)
 Metaspace       used 90025K, capacity 92068K, committed 92456K, reserved 1130496K
  class space    used 11376K, capacity 12151K, committed 12236K, reserved 1048576K
}
Event: 68.508 GC heap before
{Heap before GC invocations=40 (full 0):
 garbage-first heap   total 162816K, used 125772K [0x0000000080000000, 0x0000000100000000)
  region size 1024K, 20 young (20480K), 1 survivors (1024K)
 Metaspace       used 90565K, capacity 92622K, committed 92968K, reserved 1130496K
  class space    used 11400K, capacity 12183K, committed 12236K, reserved 1048576K
}
Event: 68.519 GC heap after
{Heap after GC invocations=41 (full 0):
 garbage-first heap   total 162816K, used 108371K [0x0000000080000000, 0x0000000100000000)
  region size 1024K, 3 young (3072K), 3 survivors (3072K)
 Metaspace       used 90565K, capacity 92622K, committed 92968K, reserved 1130496K
  class space    used 11400K, capacity 12183K, committed 12236K, reserved 1048576K
}
Event: 69.929 GC heap before
{Heap before GC invocations=42 (full 0):
 garbage-first heap   total 162816K, used 115539K [0x0000000080000000, 0x0000000100000000)
  region size 1024K, 22 young (22528K), 3 survivors (3072K)
 Metaspace       used 90659K, capacity 92759K, committed 92968K, reserved 1130496K
  class space    used 11404K, capacity 12185K, committed 12236K, reserved 1048576K
}
Event: 69.940 GC heap after
{Heap after GC invocations=43 (full 0):
 garbage-first heap   total 162816K, used 97467K [0x0000000080000000, 0x0000000100000000)
  region size 1024K, 2 young (2048K), 2 survivors (2048K)
 Metaspace       used 90659K, capacity 92759K, committed 92968K, reserved 1130496K
  class space    used 11404K, capacity 12185K, committed 12236K, reserved 1048576K
}
Event: 69.976 GC heap before
{Heap before GC invocations=43 (full 0):
 garbage-first heap   total 162816K, used 102587K [0x0000000080000000, 0x0000000100000000)
  region size 1024K, 7 young (7168K), 2 survivors (2048K)
 Metaspace       used 90685K, capacity 92759K, committed 92968K, reserved 1130496K
  class space    used 11409K, capacity 12185K, committed 12236K, reserved 1048576K
}
Event: 69.985 GC heap after
{Heap after GC invocations=44 (full 0):
 garbage-first heap   total 162816K, used 84886K [0x0000000080000000, 0x0000000100000000)
  region size 1024K, 1 young (1024K), 1 survivors (1024K)
 Metaspace       used 90685K, capacity 92759K, committed 92968K, reserved 1130496K
  class space    used 11409K, capacity 12185K, committed 12236K, reserved 1048576K
}
Event: 70.422 GC heap before
{Heap before GC invocations=44 (full 0):
 garbage-first heap   total 162816K, used 114582K [0x0000000080000000, 0x0000000100000000)
  region size 1024K, 31 young (31744K), 1 survivors (1024K)
 Metaspace       used 91595K, capacity 93655K, committed 93864K, reserved 1130496K
  class space    used 11479K, capacity 12249K, committed 12364K, reserved 1048576K
}
Event: 70.436 GC heap after
{Heap after GC invocations=45 (full 0):
 garbage-first heap   total 162816K, used 89255K [0x0000000080000000, 0x0000000100000000)
  region size 1024K, 4 young (4096K), 4 survivors (4096K)
 Metaspace       used 91595K, capacity 93655K, committed 93864K, reserved 1130496K
  class space    used 11479K, capacity 12249K, committed 12364K, reserved 1048576K
}
Event: 71.289 GC heap before
{Heap before GC invocations=46 (full 0):
 garbage-first heap   total 162816K, used 119975K [0x0000000080000000, 0x0000000100000000)
  region size 1024K, 34 young (34816K), 4 survivors (4096K)
 Metaspace       used 92741K, capacity 94836K, committed 95016K, reserved 1132544K
  class space    used 11603K, capacity 12381K, committed 12492K, reserved 1048576K
}
Event: 71.301 GC heap after
{Heap after GC invocations=47 (full 0):
 garbage-first heap   total 162816K, used 87799K [0x0000000080000000, 0x0000000100000000)
  region size 1024K, 2 young (2048K), 2 survivors (2048K)
 Metaspace       used 92741K, capacity 94836K, committed 95016K, reserved 1132544K
  class space    used 11603K, capacity 12381K, committed 12492K, reserved 1048576K
}
Event: 71.410 GC heap before
{Heap before GC invocations=47 (full 0):
 garbage-first heap   total 162816K, used 91895K [0x0000000080000000, 0x0000000100000000)
  region size 1024K, 7 young (7168K), 2 survivors (2048K)
 Metaspace       used 92845K, capacity 94964K, committed 95272K, reserved 1132544K
  class space    used 11606K, capacity 12381K, committed 12492K, reserved 1048576K
}

