# JRE version: OpenJDK Runtime Environment (11.0.13) (build 11.0.13+0-b1751.21-8125866)
# Java VM: OpenJDK 64-Bit Server VM (11.0.13+0-b1751.21-8125866, mixed mode, tiered, compressed oops, g1 gc, windows-amd64)
Heap:
 garbage-first heap   total 243712K, used 136487K [0x0000000080000000, 0x0000000100000000)
  region size 1024K, 2 young (2048K), 2 survivors (2048K)
 Metaspace       used 86704K, capacity 89051K, committed 89332K, reserved 1126400K
  class space    used 11208K, capacity 12065K, committed 12160K, reserved 1048576K
GC Heap History (20 events):
Event: 76.303 GC heap after
{Heap after GC invocations=47 (full 0):
 garbage-first heap   total 139264K, used 132673K [0x0000000080000000, 0x0000000100000000)
  region size 1024K, 1 young (1024K), 1 survivors (1024K)
 Metaspace       used 78218K, capacity 80485K, committed 80756K, reserved 1120256K
  class space    used 10157K, capacity 10946K, committed 11008K, reserved 1048576K
}
Event: 76.561 GC heap before
{Heap before GC invocations=47 (full 0):
 garbage-first heap   total 139264K, used 137793K [0x0000000080000000, 0x0000000100000000)
  region size 1024K, 6 young (6144K), 1 survivors (1024K)
 Metaspace       used 78599K, capacity 80902K, committed 81140K, reserved 1120256K
  class space    used 10213K, capacity 11021K, committed 11136K, reserved 1048576K
}
Event: 76.566 GC heap after
{Heap after GC invocations=48 (full 0):
 garbage-first heap   total 140288K, used 133155K [0x0000000080000000, 0x0000000100000000)
  region size 1024K, 1 young (1024K), 1 survivors (1024K)
 Metaspace       used 78599K, capacity 80902K, committed 81140K, reserved 1120256K
  class space    used 10213K, capacity 11021K, committed 11136K, reserved 1048576K
}
Event: 76.796 GC heap before
{Heap before GC invocations=48 (full 0):
 garbage-first heap   total 140288K, used 138275K [0x0000000080000000, 0x0000000100000000)
  region size 1024K, 6 young (6144K), 1 survivors (1024K)
 Metaspace       used 78707K, capacity 81039K, committed 81396K, reserved 1120256K
  class space    used 10225K, capacity 11025K, committed 11136K, reserved 1048576K
}
Event: 76.801 GC heap after
{Heap after GC invocations=49 (full 0):
 garbage-first heap   total 168960K, used 133328K [0x0000000080000000, 0x0000000100000000)
  region size 1024K, 1 young (1024K), 1 survivors (1024K)
 Metaspace       used 78707K, capacity 81039K, committed 81396K, reserved 1120256K
  class space    used 10225K, capacity 11025K, committed 11136K, reserved 1048576K
}
Event: 77.041 GC heap before
{Heap before GC invocations=50 (full 0):
 garbage-first heap   total 168960K, used 141520K [0x0000000080000000, 0x0000000100000000)
  region size 1024K, 9 young (9216K), 1 survivors (1024K)
 Metaspace       used 78854K, capacity 81319K, committed 81396K, reserved 1120256K
  class space    used 10242K, capacity 11093K, committed 11136K, reserved 1048576K
}
Event: 77.045 GC heap after
{Heap after GC invocations=51 (full 0):
 garbage-first heap   total 168960K, used 133563K [0x0000000080000000, 0x0000000100000000)
  region size 1024K, 1 young (1024K), 1 survivors (1024K)
 Metaspace       used 78854K, capacity 81319K, committed 81396K, reserved 1120256K
  class space    used 10242K, capacity 11093K, committed 11136K, reserved 1048576K
}
Event: 77.151 GC heap before
{Heap before GC invocations=51 (full 0):
 garbage-first heap   total 168960K, used 142779K [0x0000000080000000, 0x0000000100000000)
  region size 1024K, 10 young (10240K), 1 survivors (1024K)
 Metaspace       used 79106K, capacity 81543K, committed 81652K, reserved 1120256K
  class space    used 10269K, capacity 11125K, committed 11136K, reserved 1048576K
}
Event: 77.155 GC heap after
{Heap after GC invocations=52 (full 0):
 garbage-first heap   total 168960K, used 133617K [0x0000000080000000, 0x0000000100000000)
  region size 1024K, 1 young (1024K), 1 survivors (1024K)
 Metaspace       used 79106K, capacity 81543K, committed 81652K, reserved 1120256K
  class space    used 10269K, capacity 11125K, committed 11136K, reserved 1048576K
}
Event: 77.479 GC heap before
{Heap before GC invocations=52 (full 0):
 garbage-first heap   total 168960K, used 142833K [0x0000000080000000, 0x0000000100000000)
  region size 1024K, 10 young (10240K), 1 survivors (1024K)
 Metaspace       used 79373K, capacity 81831K, committed 82036K, reserved 1120256K
  class space    used 10302K, capacity 11157K, committed 11264K, reserved 1048576K
}
Event: 77.484 GC heap after
{Heap after GC invocations=53 (full 0):
 garbage-first heap   total 168960K, used 133535K [0x0000000080000000, 0x0000000100000000)
  region size 1024K, 1 young (1024K), 1 survivors (1024K)
 Metaspace       used 79373K, capacity 81831K, committed 82036K, reserved 1120256K
  class space    used 10302K, capacity 11157K, committed 11264K, reserved 1048576K
}
Event: 77.764 GC heap before
{Heap before GC invocations=54 (full 0):
 garbage-first heap   total 168960K, used 143775K [0x0000000080000000, 0x0000000100000000)
  region size 1024K, 11 young (11264K), 1 survivors (1024K)
 Metaspace       used 79651K, capacity 82055K, committed 82292K, reserved 1120256K
  class space    used 10343K, capacity 11189K, committed 11264K, reserved 1048576K
}
Event: 77.769 GC heap after
{Heap after GC invocations=55 (full 0):
 garbage-first heap   total 202752K, used 133792K [0x0000000080000000, 0x0000000100000000)
  region size 1024K, 2 young (2048K), 2 survivors (2048K)
 Metaspace       used 79651K, capacity 82055K, committed 82292K, reserved 1120256K
  class space    used 10343K, capacity 11189K, committed 11264K, reserved 1048576K
}
Event: 78.952 GC heap before
{Heap before GC invocations=55 (full 0):
 garbage-first heap   total 202752K, used 156320K [0x0000000080000000, 0x0000000100000000)
  region size 1024K, 24 young (24576K), 2 survivors (2048K)
 Metaspace       used 80732K, capacity 83046K, committed 83188K, reserved 1122304K
  class space    used 10472K, capacity 11283K, committed 11392K, reserved 1048576K
}
Event: 78.969 GC heap after
{Heap after GC invocations=56 (full 0):
 garbage-first heap   total 202752K, used 134966K [0x0000000080000000, 0x0000000100000000)
  region size 1024K, 3 young (3072K), 3 survivors (3072K)
 Metaspace       used 80732K, capacity 83046K, committed 83188K, reserved 1122304K
  class space    used 10472K, capacity 11283K, committed 11392K, reserved 1048576K
}
Event: 80.318 GC heap before
{Heap before GC invocations=57 (full 0):
 garbage-first heap   total 202752K, used 158518K [0x0000000080000000, 0x0000000100000000)
  region size 1024K, 26 young (26624K), 3 survivors (3072K)
 Metaspace       used 81753K, capacity 84125K, committed 84340K, reserved 1122304K
  class space    used 10615K, capacity 11449K, committed 11520K, reserved 1048576K
}
Event: 80.327 GC heap after
{Heap after GC invocations=58 (full 0):
 garbage-first heap   total 202752K, used 135521K [0x0000000080000000, 0x0000000100000000)
  region size 1024K, 3 young (3072K), 3 survivors (3072K)
 Metaspace       used 81753K, capacity 84125K, committed 84340K, reserved 1122304K
  class space    used 10615K, capacity 11449K, committed 11520K, reserved 1048576K
}
Event: 80.640 GC heap before
{Heap before GC invocations=58 (full 0):
 garbage-first heap   total 202752K, used 161121K [0x0000000080000000, 0x0000000100000000)
  region size 1024K, 28 young (28672K), 3 survivors (3072K)
 Metaspace       used 82566K, capacity 84925K, committed 85236K, reserved 1122304K
  class space    used 10715K, capacity 11545K, committed 11648K, reserved 1048576K
}
Event: 80.648 GC heap after
{Heap after GC invocations=59 (full 0):
 garbage-first heap   total 202752K, used 135749K [0x0000000080000000, 0x0000000100000000)
  region size 1024K, 3 young (3072K), 3 survivors (3072K)
 Metaspace       used 82566K, capacity 84925K, committed 85236K, reserved 1122304K
  class space    used 10715K, capacity 11545K, committed 11648K, reserved 1048576K
}
Event: 82.581 GC heap before
{Heap before GC invocations=60 (full 0):
 garbage-first heap   total 202752K, used 163397K [0x0000000080000000, 0x0000000100000000)
  region size 1024K, 30 young (30720K), 3 survivors (3072K)
 Metaspace       used 86704K, capacity 89051K, committed 89332K, reserved 1126400K
  class space    used 11208K, capacity 12065K, committed 12160K, reserved 1048576K
}

